<?xml version="1.0" encoding="UTF-8" ?>
<testsuite tests="1" failures="0" name="org.example.ClientTest" time="4.156" errors="1" skipped="0">
  <properties>
[...]
</properties>
  <testcase classname="org.example.ClientTest" name="testFabCar" time="4.156">
    <error message="Error while registering the user org.example.RegisterUser$1@31024624 url: https://localhost:7054  POST request to https://localhost:7054 failed request body {&quot;id&quot;:&quot;appUser&quot;,&quot;type&quot;:&quot;client&quot;,&quot;affiliation&quot;:&quot;org1.department1&quot;,&quot;attrs&quot;:[]}. Response: {&quot;result&quot;:&quot;&quot;,&quot;errors&quot;:[{&quot;code&quot;:0,&quot;message&quot;:&quot;Registration of &apos;appUser&apos; failed: Identity &apos;appUser&apos; is already registered&quot;}
],&quot;messages&quot;:[],&quot;success&quot;:false} " type="org.hyperledger.fabric_ca.sdk.exception.RegistrationException">org.hyperledger.fabric_ca.sdk.exception.RegistrationException: Error while registering the user org.example.RegisterUser$1@31024624 url: https://localhost:7054  POST request to https://localhost:7054 failed request body {&quot;id&quot;:&quot;appUser&quot;,&quot;type&quot;:&quot;client&quot;,&quot;affiliation&quot;:&quot;org1.department1&quot;,&quot;attrs&quot;:[]}. Response: {&quot;result&quot;:&quot;&quot;,&quot;errors&quot;:[{&quot;code&quot;:0,&quot;message&quot;:&quot;Registration of &apos;appUser&apos; failed: Identity &apos;appUser&apos; is already registered&quot;}
],&quot;messages&quot;:[],&quot;success&quot;:false} 
	at org.hyperledger.fabric_ca.sdk.HFCAClient.register(HFCAClient.java:404)
	at org.example.RegisterUser.main(RegisterUser.java:104)
	at org.example.ClientTest.testFabCar(ClientTest.java:14)
	at java.base/jdk.internal.reflect.NativeMethodAccessorImpl.invoke0(Native Method)
	at java.base/jdk.internal.reflect.NativeMethodAccessorImpl.invoke(NativeMethodAccessorImpl.java:62)
	at java.base/jdk.internal.reflect.DelegatingMethodAccessorImpl.invoke(DelegatingMethodAccessorImpl.java:43)
	at java.base/java.lang.reflect.Method.invoke(Method.java:566)
	at org.junit.runners.model.FrameworkMethod$1.runReflectiveCall(FrameworkMethod.java:50)
	at org.junit.internal.runners.model.ReflectiveCallable.run(ReflectiveCallable.java:12)
	at org.junit.runners.model.FrameworkMethod.invokeExplosively(FrameworkMethod.java:47)
	at org.junit.internal.runners.statements.InvokeMethod.evaluate(InvokeMethod.java:17)
	at org.junit.runners.ParentRunner.runLeaf(ParentRunner.java:325)
	at org.junit.runners.BlockJUnit4ClassRunner.runChild(BlockJUnit4ClassRunner.java:78)
	at org.junit.runners.BlockJUnit4ClassRunner.runChild(BlockJUnit4ClassRunner.java:57)
	at org.junit.runners.ParentRunner$3.run(ParentRunner.java:290)
	at org.junit.runners.ParentRunner$1.schedule(ParentRunner.java:71)
	at org.junit.runners.ParentRunner.runChildren(ParentRunner.java:288)
	at org.junit.runners.ParentRunner.access$000(ParentRunner.java:58)
	at org.junit.runners.ParentRunner$2.evaluate(ParentRunner.java:268)
	at org.junit.runners.ParentRunner.run(ParentRunner.java:363)
	at org.apache.maven.surefire.junit4.JUnit4Provider.execute(JUnit4Provider.java:252)
	at org.apache.maven.surefire.junit4.JUnit4Provider.executeTestSet(JUnit4Provider.java:141)
	at org.apache.maven.surefire.junit4.JUnit4Provider.invoke(JUnit4Provider.java:112)
	at java.base/jdk.internal.reflect.NativeMethodAccessorImpl.invoke0(Native Method)
	at java.base/jdk.internal.reflect.NativeMethodAccessorImpl.invoke(NativeMethodAccessorImpl.java:62)
	at java.base/jdk.internal.reflect.DelegatingMethodAccessorImpl.invoke(DelegatingMethodAccessorImpl.java:43)
	at java.base/java.lang.reflect.Method.invoke(Method.java:566)
	at org.apache.maven.surefire.util.ReflectionUtils.invokeMethodWithArray(ReflectionUtils.java:189)
	at org.apache.maven.surefire.booter.ProviderFactory$ProviderProxy.invoke(ProviderFactory.java:165)
	at org.apache.maven.surefire.booter.ProviderFactory.invokeProvider(ProviderFactory.java:85)
	at org.apache.maven.surefire.booter.ForkedBooter.runSuitesInProcess(ForkedBooter.java:115)
	at org.apache.maven.surefire.booter.ForkedBooter.main(ForkedBooter.java:75)
Caused by: org.hyperledger.fabric_ca.sdk.exception.HTTPException: POST request to https://localhost:7054 failed request body {&quot;id&quot;:&quot;appUser&quot;,&quot;type&quot;:&quot;client&quot;,&quot;affiliation&quot;:&quot;org1.department1&quot;,&quot;attrs&quot;:[]}. Response: {&quot;result&quot;:&quot;&quot;,&quot;errors&quot;:[{&quot;code&quot;:0,&quot;message&quot;:&quot;Registration of &apos;appUser&apos; failed: Identity &apos;appUser&apos; is already registered&quot;}
],&quot;messages&quot;:[],&quot;success&quot;:false}
	at org.hyperledger.fabric_ca.sdk.HFCAClient.getResult(HFCAClient.java:1456)
	at org.hyperledger.fabric_ca.sdk.HFCAClient.post(HFCAClient.java:1374)
	at org.hyperledger.fabric_ca.sdk.HFCAClient.httpPost(HFCAClient.java:1348)
	at org.hyperledger.fabric_ca.sdk.HFCAClient.register(HFCAClient.java:395)
	... 31 more
</error>
    <system-out>Successfully enrolled user &quot;admin&quot; and imported it into the wallet
</system-out>
    <system-err>log4j:WARN No appenders could be found for logger (org.hyperledger.fabric_ca.sdk.helper.Config).
log4j:WARN Please initialize the log4j system properly.
log4j:WARN See http://logging.apache.org/log4j/1.2/faq.html#noconfig for more info.
</system-err>
  </testcase>
</testsuite>